c:\users\kawai tubasa\documents\制作記録\csmistery\csmistery_v0.0\create & solve mystery\メニュー画面\dxlibapp2017\x64\release\vc141.pdb
c:\users\kawai tubasa\documents\制作記録\csmistery\csmistery_v0.0\create & solve mystery\メニュー画面\dxlibapp2017\x64\release\scenemgr.obj
c:\users\kawai tubasa\documents\制作記録\csmistery\csmistery_v0.0\create & solve mystery\メニュー画面\dxlibapp2017\x64\release\menu.obj
c:\users\kawai tubasa\documents\制作記録\csmistery\csmistery_v0.0\create & solve mystery\メニュー画面\dxlibapp2017\x64\release\mapeditor.obj
c:\users\kawai tubasa\documents\制作記録\csmistery\csmistery_v0.0\create & solve mystery\メニュー画面\dxlibapp2017\x64\release\main.obj
c:\users\kawai tubasa\documents\制作記録\csmistery\csmistery_v0.0\create & solve mystery\メニュー画面\dxlibapp2017\x64\release\inputrel.obj
c:\users\kawai tubasa\documents\制作記録\csmistery\csmistery_v0.0\create & solve mystery\メニュー画面\dxlibapp2017\x64\release\help.obj
c:\users\kawai tubasa\documents\制作記録\csmistery\csmistery_v0.0\create & solve mystery\メニュー画面\dxlibapp2017\x64\release\game.obj
c:\users\kawai tubasa\documents\制作記録\csmistery\csmistery_v0.0\create & solve mystery\メニュー画面\dxlibapp2017\x64\release\config.obj
c:\users\kawai tubasa\desktop\csmistery_v3.0\create & solve mystery\マップエディター\dxlibapp2017\x64\release\vc141.pdb
c:\users\kawai tubasa\desktop\csmistery_v3.0\create & solve mystery\マップエディター\dxlibapp2017\x64\release\mapeditor.obj
c:\users\kawai tubasa\desktop\csmistery_v3.0\create & solve mystery\マップエディター\dxlibapp2017\x64\release\inputrel.obj
c:\users\kawai tubasa\documents\制作記録\csmistery\csmistery_v0.0\create & solve mystery\メニュー画面\x64\release\dxlibapp2017.ipdb
c:\users\kawai tubasa\documents\制作記録\csmistery\csmistery_v0.0\create & solve mystery\メニュー画面\x64\release\dxlibapp2017.iobj
c:\users\kawai tubasa\desktop\csmistery_v3.0\create & solve mystery\マップエディター\x64\release\dxlibapp2017.ipdb
c:\users\kawai tubasa\desktop\csmistery_v3.0\create & solve mystery\マップエディター\x64\release\dxlibapp2017.iobj
c:\users\kawai tubasa\documents\制作記録\csmistery\csmistery_v0.0\create & solve mystery\メニュー画面\x64\release\dxlibapp2017.exe
c:\users\kawai tubasa\documents\制作記録\csmistery\csmistery_v0.0\create & solve mystery\メニュー画面\x64\release\dxlibapp2017.pdb
c:\users\kawai tubasa\desktop\csmistery_v3.0\create & solve mystery\マップエディター\x64\release\dxlibapp2017.exe
c:\users\kawai tubasa\desktop\csmistery_v3.0\create & solve mystery\マップエディター\x64\release\dxlibapp2017.pdb
c:\users\kawai tubasa\desktop\csmistery_v3.0\create & solve mystery\マップエディター\dxlibapp2017\x64\release\config.obj
c:\users\kawai tubasa\desktop\csmistery_v3.0\create & solve mystery\マップエディター\dxlibapp2017\x64\release\game.obj
c:\users\kawai tubasa\desktop\csmistery_v3.0\create & solve mystery\マップエディター\dxlibapp2017\x64\release\help.obj
c:\users\kawai tubasa\desktop\csmistery_v3.0\create & solve mystery\マップエディター\dxlibapp2017\x64\release\main.obj
c:\users\kawai tubasa\desktop\csmistery_v3.0\create & solve mystery\マップエディター\dxlibapp2017\x64\release\menu.obj
c:\users\kawai tubasa\desktop\csmistery_v3.0\create & solve mystery\マップエディター\dxlibapp2017\x64\release\scenemgr.obj
c:\users\kawai tubasa\desktop\csmistery_v3.0\create & solve mystery\マップエディター\dxlibapp2017\x64\release\dxlibapp2017.tlog\cl.command.1.tlog
c:\users\kawai tubasa\desktop\csmistery_v3.0\create & solve mystery\マップエディター\dxlibapp2017\x64\release\dxlibapp2017.tlog\cl.read.1.tlog
c:\users\kawai tubasa\desktop\csmistery_v3.0\create & solve mystery\マップエディター\dxlibapp2017\x64\release\dxlibapp2017.tlog\cl.write.1.tlog
c:\users\kawai tubasa\desktop\csmistery_v3.0\create & solve mystery\マップエディター\dxlibapp2017\x64\release\dxlibapp2017.tlog\dxlibapp2017.write.1u.tlog
c:\users\kawai tubasa\desktop\csmistery_v3.0\create & solve mystery\マップエディター\dxlibapp2017\x64\release\dxlibapp2017.tlog\link.command.1.tlog
c:\users\kawai tubasa\desktop\csmistery_v3.0\create & solve mystery\マップエディター\dxlibapp2017\x64\release\dxlibapp2017.tlog\link.read.1.tlog
c:\users\kawai tubasa\desktop\csmistery_v3.0\create & solve mystery\マップエディター\dxlibapp2017\x64\release\dxlibapp2017.tlog\link.write.1.tlog
